2017-05-08 14:49:09.348  INFO 9680 --- [main] com.cheng.test.Application               : Starting Application on DESKTOP-A3FVFPB with PID 9680 (H:\WorkSpace\qrcode-demo\target\classes started by admin in H:\WorkSpace\qrcode-demo)
2017-05-08 14:49:09.350  INFO 9680 --- [main] com.cheng.test.Application               : No active profile set, falling back to default profiles: default
2017-05-08 14:49:09.597  INFO 9680 --- [main] ationConfigEmbeddedWebApplicationContext : Refreshing org.springframework.boot.context.embedded.AnnotationConfigEmbeddedWebApplicationContext@6e4784bc: startup date [Mon May 08 14:49:09 CST 2017]; root of context hierarchy
2017-05-08 14:49:10.715  INFO 9680 --- [main] o.s.b.f.s.DefaultListableBeanFactory     : Overriding bean definition for bean 'thymeleafResourceResolver' with a different definition: replacing [Root bean: class [null]; scope=; abstract=false; lazyInit=false; autowireMode=3; dependencyCheck=0; autowireCandidate=true; primary=false; factoryBeanName=beansConfiguration; factoryMethodName=thymeleafResourceResolver; initMethodName=null; destroyMethodName=(inferred); defined in class path resource [com/cheng/test/config/BeansConfiguration.class]] with [Root bean: class [null]; scope=; abstract=false; lazyInit=false; autowireMode=3; dependencyCheck=0; autowireCandidate=true; primary=false; factoryBeanName=org.springframework.boot.autoconfigure.thymeleaf.ThymeleafAutoConfiguration$DefaultTemplateResolverConfiguration; factoryMethodName=thymeleafResourceResolver; initMethodName=null; destroyMethodName=(inferred); defined in class path resource [org/springframework/boot/autoconfigure/thymeleaf/ThymeleafAutoConfiguration$DefaultTemplateResolverConfiguration.class]]
2017-05-08 14:49:10.984  INFO 9680 --- [main] trationDelegate$BeanPostProcessorChecker : Bean 'org.springframework.transaction.annotation.ProxyTransactionManagementConfiguration' of type [class org.springframework.transaction.annotation.ProxyTransactionManagementConfiguration$$EnhancerBySpringCGLIB$$a47b2b4f] is not eligible for getting processed by all BeanPostProcessors (for example: not eligible for auto-proxying)
2017-05-08 14:49:11.604  INFO 9680 --- [main] s.b.c.e.t.TomcatEmbeddedServletContainer : Tomcat initialized with port(s): 5005 (http)
2017-05-08 14:49:11.616  INFO 9680 --- [main] o.apache.catalina.core.StandardService   : Starting service Tomcat
2017-05-08 14:49:11.618  INFO 9680 --- [main] org.apache.catalina.core.StandardEngine  : Starting Servlet Engine: Apache Tomcat/8.0.36
2017-05-08 14:49:11.721  INFO 9680 --- [localhost-startStop-1] o.a.c.c.C.[.[localhost].[/qrcode]        : Initializing Spring embedded WebApplicationContext
2017-05-08 14:49:11.721  INFO 9680 --- [localhost-startStop-1] o.s.web.context.ContextLoader            : Root WebApplicationContext: initialization completed in 2127 ms
2017-05-08 14:49:12.001  INFO 9680 --- [localhost-startStop-1] o.s.b.c.e.ServletRegistrationBean        : Mapping servlet: 'dispatcherServlet' to [/]
2017-05-08 14:49:12.005  INFO 9680 --- [localhost-startStop-1] o.s.b.c.embedded.FilterRegistrationBean  : Mapping filter: 'characterEncodingFilter' to: [/*]
2017-05-08 14:49:12.006  INFO 9680 --- [localhost-startStop-1] o.s.b.c.embedded.FilterRegistrationBean  : Mapping filter: 'hiddenHttpMethodFilter' to: [/*]
2017-05-08 14:49:12.006  INFO 9680 --- [localhost-startStop-1] o.s.b.c.embedded.FilterRegistrationBean  : Mapping filter: 'httpPutFormContentFilter' to: [/*]
2017-05-08 14:49:12.006  INFO 9680 --- [localhost-startStop-1] o.s.b.c.embedded.FilterRegistrationBean  : Mapping filter: 'requestContextFilter' to: [/*]
2017-05-08 14:49:13.374  INFO 9680 --- [main] s.w.s.m.m.a.RequestMappingHandlerAdapter : Looking for @ControllerAdvice: org.springframework.boot.context.embedded.AnnotationConfigEmbeddedWebApplicationContext@6e4784bc: startup date [Mon May 08 14:49:09 CST 2017]; root of context hierarchy
2017-05-08 14:49:13.439  INFO 9680 --- [main] s.w.s.m.m.a.RequestMappingHandlerMapping : Mapped "{[/test],methods=[GET]}" onto public java.lang.String com.cheng.test.controller.TestController.testPage(org.springframework.ui.Model)
2017-05-08 14:49:13.441  INFO 9680 --- [main] s.w.s.m.m.a.RequestMappingHandlerMapping : Mapped "{[/error]}" onto public org.springframework.http.ResponseEntity<java.util.Map<java.lang.String, java.lang.Object>> org.springframework.boot.autoconfigure.web.BasicErrorController.error(javax.servlet.http.HttpServletRequest)
2017-05-08 14:49:13.442  INFO 9680 --- [main] s.w.s.m.m.a.RequestMappingHandlerMapping : Mapped "{[/error],produces=[text/html]}" onto public org.springframework.web.servlet.ModelAndView org.springframework.boot.autoconfigure.web.BasicErrorController.errorHtml(javax.servlet.http.HttpServletRequest,javax.servlet.http.HttpServletResponse)
2017-05-08 14:49:13.464  INFO 9680 --- [main] o.s.w.s.handler.SimpleUrlHandlerMapping  : Mapped URL path [/webjars/**] onto handler of type [class org.springframework.web.servlet.resource.ResourceHttpRequestHandler]
2017-05-08 14:49:13.465  INFO 9680 --- [main] o.s.w.s.handler.SimpleUrlHandlerMapping  : Mapped URL path [/**] onto handler of type [class org.springframework.web.servlet.resource.ResourceHttpRequestHandler]
2017-05-08 14:49:13.683  INFO 9680 --- [main] o.s.j.e.a.AnnotationMBeanExporter        : Registering beans for JMX exposure on startup
2017-05-08 14:49:13.748  INFO 9680 --- [main] s.b.c.e.t.TomcatEmbeddedServletContainer : Tomcat started on port(s): 5005 (http)
2017-05-08 14:49:13.755  INFO 9680 --- [main] com.cheng.test.Application               : Started Application in 4.773 seconds (JVM running for 5.152)
2017-05-08 14:49:39.024  INFO 9680 --- [http-nio-5005-exec-1] o.a.c.c.C.[.[localhost].[/qrcode]        : Initializing Spring FrameworkServlet 'dispatcherServlet'
2017-05-08 14:49:39.024  INFO 9680 --- [http-nio-5005-exec-1] o.s.web.servlet.DispatcherServlet        : FrameworkServlet 'dispatcherServlet': initialization started
2017-05-08 14:49:39.039  INFO 9680 --- [http-nio-5005-exec-1] o.s.web.servlet.DispatcherServlet        : FrameworkServlet 'dispatcherServlet': initialization completed in 15 ms
2017-05-08 14:49:39.419 ERROR 9680 --- [http-nio-5005-exec-1] o.a.c.c.C.[.[.[.[dispatcherServlet]      : Servlet.service() for servlet [dispatcherServlet] in context with path [/qrcode] threw exception [Request processing failed; nested exception is org.mybatis.spring.MyBatisSystemException: nested exception is org.apache.ibatis.executor.ExecutorException: A query was run and no Result Maps were found for the Mapped Statement 'com.cheng.test.service.TestService.getUsers'.  It's likely that neither a Result Type nor a Result Map was specified.] with root cause

org.apache.ibatis.executor.ExecutorException: A query was run and no Result Maps were found for the Mapped Statement 'com.cheng.test.service.TestService.getUsers'.  It's likely that neither a Result Type nor a Result Map was specified.
	at org.apache.ibatis.executor.resultset.DefaultResultSetHandler.validateResultMapsCount(DefaultResultSetHandler.java:275) ~[mybatis-3.4.0.jar:3.4.0]
	at org.apache.ibatis.executor.resultset.DefaultResultSetHandler.handleResultSets(DefaultResultSetHandler.java:180) ~[mybatis-3.4.0.jar:3.4.0]
	at org.apache.ibatis.executor.statement.PreparedStatementHandler.query(PreparedStatementHandler.java:64) ~[mybatis-3.4.0.jar:3.4.0]
	at org.apache.ibatis.executor.statement.RoutingStatementHandler.query(RoutingStatementHandler.java:79) ~[mybatis-3.4.0.jar:3.4.0]
	at org.apache.ibatis.executor.SimpleExecutor.doQuery(SimpleExecutor.java:63) ~[mybatis-3.4.0.jar:3.4.0]
	at org.apache.ibatis.executor.BaseExecutor.queryFromDatabase(BaseExecutor.java:325) ~[mybatis-3.4.0.jar:3.4.0]
	at org.apache.ibatis.executor.BaseExecutor.query(BaseExecutor.java:156) ~[mybatis-3.4.0.jar:3.4.0]
	at org.apache.ibatis.executor.CachingExecutor.query(CachingExecutor.java:109) ~[mybatis-3.4.0.jar:3.4.0]
	at org.apache.ibatis.executor.CachingExecutor.query(CachingExecutor.java:83) ~[mybatis-3.4.0.jar:3.4.0]
	at org.apache.ibatis.session.defaults.DefaultSqlSession.selectList(DefaultSqlSession.java:148) ~[mybatis-3.4.0.jar:3.4.0]
	at org.apache.ibatis.session.defaults.DefaultSqlSession.selectList(DefaultSqlSession.java:141) ~[mybatis-3.4.0.jar:3.4.0]
	at sun.reflect.NativeMethodAccessorImpl.invoke0(Native Method) ~[na:1.8.0_91]
	at sun.reflect.NativeMethodAccessorImpl.invoke(Unknown Source) ~[na:1.8.0_91]
	at sun.reflect.DelegatingMethodAccessorImpl.invoke(Unknown Source) ~[na:1.8.0_91]
	at java.lang.reflect.Method.invoke(Unknown Source) ~[na:1.8.0_91]
	at org.mybatis.spring.SqlSessionTemplate$SqlSessionInterceptor.invoke(SqlSessionTemplate.java:434) ~[mybatis-spring-1.3.0.jar:1.3.0]
	at com.sun.proxy.$Proxy58.selectList(Unknown Source) ~[na:na]
	at org.mybatis.spring.SqlSessionTemplate.selectList(SqlSessionTemplate.java:231) ~[mybatis-spring-1.3.0.jar:1.3.0]
	at org.apache.ibatis.binding.MapperMethod.executeForMany(MapperMethod.java:128) ~[mybatis-3.4.0.jar:3.4.0]
	at org.apache.ibatis.binding.MapperMethod.execute(MapperMethod.java:68) ~[mybatis-3.4.0.jar:3.4.0]
	at org.apache.ibatis.binding.MapperProxy.invoke(MapperProxy.java:53) ~[mybatis-3.4.0.jar:3.4.0]
	at com.sun.proxy.$Proxy59.getUsers(Unknown Source) ~[na:na]
	at com.cheng.test.controller.TestController.testPage(TestController.java:20) ~[classes/:na]
	at sun.reflect.NativeMethodAccessorImpl.invoke0(Native Method) ~[na:1.8.0_91]
	at sun.reflect.NativeMethodAccessorImpl.invoke(Unknown Source) ~[na:1.8.0_91]
	at sun.reflect.DelegatingMethodAccessorImpl.invoke(Unknown Source) ~[na:1.8.0_91]
	at java.lang.reflect.Method.invoke(Unknown Source) ~[na:1.8.0_91]
	at org.springframework.web.method.support.InvocableHandlerMethod.doInvoke(InvocableHandlerMethod.java:221) ~[spring-web-4.2.7.RELEASE.jar:4.2.7.RELEASE]
	at org.springframework.web.method.support.InvocableHandlerMethod.invokeForRequest(InvocableHandlerMethod.java:136) ~[spring-web-4.2.7.RELEASE.jar:4.2.7.RELEASE]
	at org.springframework.web.servlet.mvc.method.annotation.ServletInvocableHandlerMethod.invokeAndHandle(ServletInvocableHandlerMethod.java:110) ~[spring-webmvc-4.2.7.RELEASE.jar:4.2.7.RELEASE]
	at org.springframework.web.servlet.mvc.method.annotation.RequestMappingHandlerAdapter.invokeHandlerMethod(RequestMappingHandlerAdapter.java:832) ~[spring-webmvc-4.2.7.RELEASE.jar:4.2.7.RELEASE]
	at org.springframework.web.servlet.mvc.method.annotation.RequestMappingHandlerAdapter.handleInternal(RequestMappingHandlerAdapter.java:743) ~[spring-webmvc-4.2.7.RELEASE.jar:4.2.7.RELEASE]
	at org.springframework.web.servlet.mvc.method.AbstractHandlerMethodAdapter.handle(AbstractHandlerMethodAdapter.java:85) ~[spring-webmvc-4.2.7.RELEASE.jar:4.2.7.RELEASE]
	at org.springframework.web.servlet.DispatcherServlet.doDispatch(DispatcherServlet.java:961) ~[spring-webmvc-4.2.7.RELEASE.jar:4.2.7.RELEASE]
	at org.springframework.web.servlet.DispatcherServlet.doService(DispatcherServlet.java:895) ~[spring-webmvc-4.2.7.RELEASE.jar:4.2.7.RELEASE]
	at org.springframework.web.servlet.FrameworkServlet.processRequest(FrameworkServlet.java:967) ~[spring-webmvc-4.2.7.RELEASE.jar:4.2.7.RELEASE]
	at org.springframework.web.servlet.FrameworkServlet.doGet(FrameworkServlet.java:858) ~[spring-webmvc-4.2.7.RELEASE.jar:4.2.7.RELEASE]
	at javax.servlet.http.HttpServlet.service(HttpServlet.java:622) ~[tomcat-embed-core-8.0.36.jar:8.0.36]
	at org.springframework.web.servlet.FrameworkServlet.service(FrameworkServlet.java:843) ~[spring-webmvc-4.2.7.RELEASE.jar:4.2.7.RELEASE]
	at javax.servlet.http.HttpServlet.service(HttpServlet.java:729) ~[tomcat-embed-core-8.0.36.jar:8.0.36]
	at org.apache.catalina.core.ApplicationFilterChain.internalDoFilter(ApplicationFilterChain.java:292) ~[tomcat-embed-core-8.0.36.jar:8.0.36]
	at org.apache.catalina.core.ApplicationFilterChain.doFilter(ApplicationFilterChain.java:207) ~[tomcat-embed-core-8.0.36.jar:8.0.36]
	at org.apache.tomcat.websocket.server.WsFilter.doFilter(WsFilter.java:52) ~[tomcat-embed-websocket-8.0.36.jar:8.0.36]
	at org.apache.catalina.core.ApplicationFilterChain.internalDoFilter(ApplicationFilterChain.java:240) ~[tomcat-embed-core-8.0.36.jar:8.0.36]
	at org.apache.catalina.core.ApplicationFilterChain.doFilter(ApplicationFilterChain.java:207) ~[tomcat-embed-core-8.0.36.jar:8.0.36]
	at org.springframework.web.filter.RequestContextFilter.doFilterInternal(RequestContextFilter.java:99) ~[spring-web-4.2.7.RELEASE.jar:4.2.7.RELEASE]
	at org.springframework.web.filter.OncePerRequestFilter.doFilter(OncePerRequestFilter.java:107) ~[spring-web-4.2.7.RELEASE.jar:4.2.7.RELEASE]
	at org.apache.catalina.core.ApplicationFilterChain.internalDoFilter(ApplicationFilterChain.java:240) ~[tomcat-embed-core-8.0.36.jar:8.0.36]
	at org.apache.catalina.core.ApplicationFilterChain.doFilter(ApplicationFilterChain.java:207) ~[tomcat-embed-core-8.0.36.jar:8.0.36]
	at org.springframework.web.filter.HttpPutFormContentFilter.doFilterInternal(HttpPutFormContentFilter.java:87) ~[spring-web-4.2.7.RELEASE.jar:4.2.7.RELEASE]
	at org.springframework.web.filter.OncePerRequestFilter.doFilter(OncePerRequestFilter.java:107) ~[spring-web-4.2.7.RELEASE.jar:4.2.7.RELEASE]
	at org.apache.catalina.core.ApplicationFilterChain.internalDoFilter(ApplicationFilterChain.java:240) ~[tomcat-embed-core-8.0.36.jar:8.0.36]
	at org.apache.catalina.core.ApplicationFilterChain.doFilter(ApplicationFilterChain.java:207) ~[tomcat-embed-core-8.0.36.jar:8.0.36]
	at org.springframework.web.filter.HiddenHttpMethodFilter.doFilterInternal(HiddenHttpMethodFilter.java:77) ~[spring-web-4.2.7.RELEASE.jar:4.2.7.RELEASE]
	at org.springframework.web.filter.OncePerRequestFilter.doFilter(OncePerRequestFilter.java:107) ~[spring-web-4.2.7.RELEASE.jar:4.2.7.RELEASE]
	at org.apache.catalina.core.ApplicationFilterChain.internalDoFilter(ApplicationFilterChain.java:240) ~[tomcat-embed-core-8.0.36.jar:8.0.36]
	at org.apache.catalina.core.ApplicationFilterChain.doFilter(ApplicationFilterChain.java:207) ~[tomcat-embed-core-8.0.36.jar:8.0.36]
	at org.springframework.web.filter.CharacterEncodingFilter.doFilterInternal(CharacterEncodingFilter.java:121) ~[spring-web-4.2.7.RELEASE.jar:4.2.7.RELEASE]
	at org.springframework.web.filter.OncePerRequestFilter.doFilter(OncePerRequestFilter.java:107) ~[spring-web-4.2.7.RELEASE.jar:4.2.7.RELEASE]
	at org.apache.catalina.core.ApplicationFilterChain.internalDoFilter(ApplicationFilterChain.java:240) ~[tomcat-embed-core-8.0.36.jar:8.0.36]
	at org.apache.catalina.core.ApplicationFilterChain.doFilter(ApplicationFilterChain.java:207) ~[tomcat-embed-core-8.0.36.jar:8.0.36]
	at org.apache.catalina.core.StandardWrapperValve.invoke(StandardWrapperValve.java:212) ~[tomcat-embed-core-8.0.36.jar:8.0.36]
	at org.apache.catalina.core.StandardContextValve.invoke(StandardContextValve.java:106) [tomcat-embed-core-8.0.36.jar:8.0.36]
	at org.apache.catalina.authenticator.AuthenticatorBase.invoke(AuthenticatorBase.java:502) [tomcat-embed-core-8.0.36.jar:8.0.36]
	at org.apache.catalina.core.StandardHostValve.invoke(StandardHostValve.java:141) [tomcat-embed-core-8.0.36.jar:8.0.36]
	at org.apache.catalina.valves.ErrorReportValve.invoke(ErrorReportValve.java:79) [tomcat-embed-core-8.0.36.jar:8.0.36]
	at org.apache.catalina.core.StandardEngineValve.invoke(StandardEngineValve.java:88) [tomcat-embed-core-8.0.36.jar:8.0.36]
	at org.apache.catalina.connector.CoyoteAdapter.service(CoyoteAdapter.java:528) [tomcat-embed-core-8.0.36.jar:8.0.36]
	at org.apache.coyote.http11.AbstractHttp11Processor.process(AbstractHttp11Processor.java:1099) [tomcat-embed-core-8.0.36.jar:8.0.36]
	at org.apache.coyote.AbstractProtocol$AbstractConnectionHandler.process(AbstractProtocol.java:670) [tomcat-embed-core-8.0.36.jar:8.0.36]
	at org.apache.tomcat.util.net.NioEndpoint$SocketProcessor.doRun(NioEndpoint.java:1520) [tomcat-embed-core-8.0.36.jar:8.0.36]
	at org.apache.tomcat.util.net.NioEndpoint$SocketProcessor.run(NioEndpoint.java:1476) [tomcat-embed-core-8.0.36.jar:8.0.36]
	at java.util.concurrent.ThreadPoolExecutor.runWorker(Unknown Source) [na:1.8.0_91]
	at java.util.concurrent.ThreadPoolExecutor$Worker.run(Unknown Source) [na:1.8.0_91]
	at org.apache.tomcat.util.threads.TaskThread$WrappingRunnable.run(TaskThread.java:61) [tomcat-embed-core-8.0.36.jar:8.0.36]
	at java.lang.Thread.run(Unknown Source) [na:1.8.0_91]

2017-05-08 15:00:57.748  INFO 11160 --- [main] com.cheng.test.Application               : Starting Application on DESKTOP-A3FVFPB with PID 11160 (H:\WorkSpace\qrcode-demo\target\classes started by admin in H:\WorkSpace\qrcode-demo)
2017-05-08 15:00:57.754  INFO 11160 --- [main] com.cheng.test.Application               : No active profile set, falling back to default profiles: default
2017-05-08 15:00:58.092  INFO 11160 --- [main] ationConfigEmbeddedWebApplicationContext : Refreshing org.springframework.boot.context.embedded.AnnotationConfigEmbeddedWebApplicationContext@58e1d9d: startup date [Mon May 08 15:00:58 CST 2017]; root of context hierarchy
2017-05-08 15:00:59.494  INFO 11160 --- [main] o.s.b.f.s.DefaultListableBeanFactory     : Overriding bean definition for bean 'thymeleafResourceResolver' with a different definition: replacing [Root bean: class [null]; scope=; abstract=false; lazyInit=false; autowireMode=3; dependencyCheck=0; autowireCandidate=true; primary=false; factoryBeanName=beansConfiguration; factoryMethodName=thymeleafResourceResolver; initMethodName=null; destroyMethodName=(inferred); defined in class path resource [com/cheng/test/config/BeansConfiguration.class]] with [Root bean: class [null]; scope=; abstract=false; lazyInit=false; autowireMode=3; dependencyCheck=0; autowireCandidate=true; primary=false; factoryBeanName=org.springframework.boot.autoconfigure.thymeleaf.ThymeleafAutoConfiguration$DefaultTemplateResolverConfiguration; factoryMethodName=thymeleafResourceResolver; initMethodName=null; destroyMethodName=(inferred); defined in class path resource [org/springframework/boot/autoconfigure/thymeleaf/ThymeleafAutoConfiguration$DefaultTemplateResolverConfiguration.class]]
2017-05-08 15:00:59.875  INFO 11160 --- [main] trationDelegate$BeanPostProcessorChecker : Bean 'org.springframework.transaction.annotation.ProxyTransactionManagementConfiguration' of type [class org.springframework.transaction.annotation.ProxyTransactionManagementConfiguration$$EnhancerBySpringCGLIB$$78815508] is not eligible for getting processed by all BeanPostProcessors (for example: not eligible for auto-proxying)
2017-05-08 15:01:00.629  INFO 11160 --- [main] s.b.c.e.t.TomcatEmbeddedServletContainer : Tomcat initialized with port(s): 5005 (http)
2017-05-08 15:01:00.644  INFO 11160 --- [main] o.apache.catalina.core.StandardService   : Starting service Tomcat
2017-05-08 15:01:00.645  INFO 11160 --- [main] org.apache.catalina.core.StandardEngine  : Starting Servlet Engine: Apache Tomcat/8.0.36
2017-05-08 15:01:00.769  INFO 11160 --- [localhost-startStop-1] o.a.c.c.C.[.[localhost].[/qrcode]        : Initializing Spring embedded WebApplicationContext
2017-05-08 15:01:00.769  INFO 11160 --- [localhost-startStop-1] o.s.web.context.ContextLoader            : Root WebApplicationContext: initialization completed in 2680 ms
2017-05-08 15:01:01.186  INFO 11160 --- [localhost-startStop-1] o.s.b.c.e.ServletRegistrationBean        : Mapping servlet: 'dispatcherServlet' to [/]
2017-05-08 15:01:01.192  INFO 11160 --- [localhost-startStop-1] o.s.b.c.embedded.FilterRegistrationBean  : Mapping filter: 'characterEncodingFilter' to: [/*]
2017-05-08 15:01:01.192  INFO 11160 --- [localhost-startStop-1] o.s.b.c.embedded.FilterRegistrationBean  : Mapping filter: 'hiddenHttpMethodFilter' to: [/*]
2017-05-08 15:01:01.192  INFO 11160 --- [localhost-startStop-1] o.s.b.c.embedded.FilterRegistrationBean  : Mapping filter: 'httpPutFormContentFilter' to: [/*]
2017-05-08 15:01:01.193  INFO 11160 --- [localhost-startStop-1] o.s.b.c.embedded.FilterRegistrationBean  : Mapping filter: 'requestContextFilter' to: [/*]
2017-05-08 15:01:02.710  INFO 11160 --- [main] s.w.s.m.m.a.RequestMappingHandlerAdapter : Looking for @ControllerAdvice: org.springframework.boot.context.embedded.AnnotationConfigEmbeddedWebApplicationContext@58e1d9d: startup date [Mon May 08 15:00:58 CST 2017]; root of context hierarchy
2017-05-08 15:01:02.790  INFO 11160 --- [main] s.w.s.m.m.a.RequestMappingHandlerMapping : Mapped "{[/test],methods=[GET]}" onto public java.lang.String com.cheng.test.controller.TestController.testPage(org.springframework.ui.Model)
2017-05-08 15:01:02.793  INFO 11160 --- [main] s.w.s.m.m.a.RequestMappingHandlerMapping : Mapped "{[/error]}" onto public org.springframework.http.ResponseEntity<java.util.Map<java.lang.String, java.lang.Object>> org.springframework.boot.autoconfigure.web.BasicErrorController.error(javax.servlet.http.HttpServletRequest)
2017-05-08 15:01:02.794  INFO 11160 --- [main] s.w.s.m.m.a.RequestMappingHandlerMapping : Mapped "{[/error],produces=[text/html]}" onto public org.springframework.web.servlet.ModelAndView org.springframework.boot.autoconfigure.web.BasicErrorController.errorHtml(javax.servlet.http.HttpServletRequest,javax.servlet.http.HttpServletResponse)
2017-05-08 15:01:02.832  INFO 11160 --- [main] o.s.w.s.handler.SimpleUrlHandlerMapping  : Mapped URL path [/webjars/**] onto handler of type [class org.springframework.web.servlet.resource.ResourceHttpRequestHandler]
2017-05-08 15:01:02.833  INFO 11160 --- [main] o.s.w.s.handler.SimpleUrlHandlerMapping  : Mapped URL path [/**] onto handler of type [class org.springframework.web.servlet.resource.ResourceHttpRequestHandler]
2017-05-08 15:01:03.273  INFO 11160 --- [main] o.s.j.e.a.AnnotationMBeanExporter        : Registering beans for JMX exposure on startup
2017-05-08 15:01:03.360  INFO 11160 --- [main] s.b.c.e.t.TomcatEmbeddedServletContainer : Tomcat started on port(s): 5005 (http)
2017-05-08 15:01:03.367  INFO 11160 --- [main] com.cheng.test.Application               : Started Application in 6.045 seconds (JVM running for 6.55)
2017-05-08 15:01:32.998  INFO 11160 --- [http-nio-5005-exec-1] o.a.c.c.C.[.[localhost].[/qrcode]        : Initializing Spring FrameworkServlet 'dispatcherServlet'
2017-05-08 15:01:32.998  INFO 11160 --- [http-nio-5005-exec-1] o.s.web.servlet.DispatcherServlet        : FrameworkServlet 'dispatcherServlet': initialization started
2017-05-08 15:01:33.018  INFO 11160 --- [http-nio-5005-exec-1] o.s.web.servlet.DispatcherServlet        : FrameworkServlet 'dispatcherServlet': initialization completed in 20 ms
2017-05-08 15:03:00.141  INFO 3860 --- [main] com.cheng.test.Application               : Starting Application on DESKTOP-A3FVFPB with PID 3860 (H:\WorkSpace\qrcode-demo\target\classes started by admin in H:\WorkSpace\qrcode-demo)
2017-05-08 15:03:00.147  INFO 3860 --- [main] com.cheng.test.Application               : No active profile set, falling back to default profiles: default
2017-05-08 15:03:00.639  INFO 3860 --- [main] ationConfigEmbeddedWebApplicationContext : Refreshing org.springframework.boot.context.embedded.AnnotationConfigEmbeddedWebApplicationContext@58e1d9d: startup date [Mon May 08 15:03:00 CST 2017]; root of context hierarchy
2017-05-08 15:03:01.960  INFO 3860 --- [main] o.s.b.f.s.DefaultListableBeanFactory     : Overriding bean definition for bean 'thymeleafResourceResolver' with a different definition: replacing [Root bean: class [null]; scope=; abstract=false; lazyInit=false; autowireMode=3; dependencyCheck=0; autowireCandidate=true; primary=false; factoryBeanName=beansConfiguration; factoryMethodName=thymeleafResourceResolver; initMethodName=null; destroyMethodName=(inferred); defined in class path resource [com/cheng/test/config/BeansConfiguration.class]] with [Root bean: class [null]; scope=; abstract=false; lazyInit=false; autowireMode=3; dependencyCheck=0; autowireCandidate=true; primary=false; factoryBeanName=org.springframework.boot.autoconfigure.thymeleaf.ThymeleafAutoConfiguration$DefaultTemplateResolverConfiguration; factoryMethodName=thymeleafResourceResolver; initMethodName=null; destroyMethodName=(inferred); defined in class path resource [org/springframework/boot/autoconfigure/thymeleaf/ThymeleafAutoConfiguration$DefaultTemplateResolverConfiguration.class]]
2017-05-08 15:03:02.276  INFO 3860 --- [main] trationDelegate$BeanPostProcessorChecker : Bean 'org.springframework.transaction.annotation.ProxyTransactionManagementConfiguration' of type [class org.springframework.transaction.annotation.ProxyTransactionManagementConfiguration$$EnhancerBySpringCGLIB$$1f8be8f4] is not eligible for getting processed by all BeanPostProcessors (for example: not eligible for auto-proxying)
2017-05-08 15:03:03.034  INFO 3860 --- [main] s.b.c.e.t.TomcatEmbeddedServletContainer : Tomcat initialized with port(s): 5005 (http)
2017-05-08 15:03:03.051  INFO 3860 --- [main] o.apache.catalina.core.StandardService   : Starting service Tomcat
2017-05-08 15:03:03.052  INFO 3860 --- [main] org.apache.catalina.core.StandardEngine  : Starting Servlet Engine: Apache Tomcat/8.0.36
2017-05-08 15:03:03.175  INFO 3860 --- [localhost-startStop-1] o.a.c.c.C.[.[localhost].[/qrcode]        : Initializing Spring embedded WebApplicationContext
2017-05-08 15:03:03.176  INFO 3860 --- [localhost-startStop-1] o.s.web.context.ContextLoader            : Root WebApplicationContext: initialization completed in 2541 ms
2017-05-08 15:03:03.575  INFO 3860 --- [localhost-startStop-1] o.s.b.c.e.ServletRegistrationBean        : Mapping servlet: 'dispatcherServlet' to [/]
2017-05-08 15:03:03.581  INFO 3860 --- [localhost-startStop-1] o.s.b.c.embedded.FilterRegistrationBean  : Mapping filter: 'characterEncodingFilter' to: [/*]
2017-05-08 15:03:03.581  INFO 3860 --- [localhost-startStop-1] o.s.b.c.embedded.FilterRegistrationBean  : Mapping filter: 'hiddenHttpMethodFilter' to: [/*]
2017-05-08 15:03:03.582  INFO 3860 --- [localhost-startStop-1] o.s.b.c.embedded.FilterRegistrationBean  : Mapping filter: 'httpPutFormContentFilter' to: [/*]
2017-05-08 15:03:03.582  INFO 3860 --- [localhost-startStop-1] o.s.b.c.embedded.FilterRegistrationBean  : Mapping filter: 'requestContextFilter' to: [/*]
2017-05-08 15:03:05.113  INFO 3860 --- [main] s.w.s.m.m.a.RequestMappingHandlerAdapter : Looking for @ControllerAdvice: org.springframework.boot.context.embedded.AnnotationConfigEmbeddedWebApplicationContext@58e1d9d: startup date [Mon May 08 15:03:00 CST 2017]; root of context hierarchy
2017-05-08 15:03:05.199  INFO 3860 --- [main] s.w.s.m.m.a.RequestMappingHandlerMapping : Mapped "{[/test],methods=[GET]}" onto public java.lang.String com.cheng.test.controller.TestController.testPage(org.springframework.ui.Model)
2017-05-08 15:03:05.202  INFO 3860 --- [main] s.w.s.m.m.a.RequestMappingHandlerMapping : Mapped "{[/error]}" onto public org.springframework.http.ResponseEntity<java.util.Map<java.lang.String, java.lang.Object>> org.springframework.boot.autoconfigure.web.BasicErrorController.error(javax.servlet.http.HttpServletRequest)
2017-05-08 15:03:05.203  INFO 3860 --- [main] s.w.s.m.m.a.RequestMappingHandlerMapping : Mapped "{[/error],produces=[text/html]}" onto public org.springframework.web.servlet.ModelAndView org.springframework.boot.autoconfigure.web.BasicErrorController.errorHtml(javax.servlet.http.HttpServletRequest,javax.servlet.http.HttpServletResponse)
2017-05-08 15:03:05.245  INFO 3860 --- [main] o.s.w.s.handler.SimpleUrlHandlerMapping  : Mapped URL path [/webjars/**] onto handler of type [class org.springframework.web.servlet.resource.ResourceHttpRequestHandler]
2017-05-08 15:03:05.245  INFO 3860 --- [main] o.s.w.s.handler.SimpleUrlHandlerMapping  : Mapped URL path [/**] onto handler of type [class org.springframework.web.servlet.resource.ResourceHttpRequestHandler]
2017-05-08 15:03:05.678  INFO 3860 --- [main] o.s.j.e.a.AnnotationMBeanExporter        : Registering beans for JMX exposure on startup
2017-05-08 15:03:05.759  INFO 3860 --- [main] s.b.c.e.t.TomcatEmbeddedServletContainer : Tomcat started on port(s): 5005 (http)
2017-05-08 15:03:05.764  INFO 3860 --- [main] com.cheng.test.Application               : Started Application in 6.135 seconds (JVM running for 6.683)
2017-05-08 15:04:54.775  INFO 3860 --- [http-nio-5005-exec-1] o.a.c.c.C.[.[localhost].[/qrcode]        : Initializing Spring FrameworkServlet 'dispatcherServlet'
2017-05-08 15:04:54.776  INFO 3860 --- [http-nio-5005-exec-1] o.s.web.servlet.DispatcherServlet        : FrameworkServlet 'dispatcherServlet': initialization started
2017-05-08 15:04:54.796  INFO 3860 --- [http-nio-5005-exec-1] o.s.web.servlet.DispatcherServlet        : FrameworkServlet 'dispatcherServlet': initialization completed in 20 ms
2017-05-08 15:04:55.323 ERROR 3860 --- [http-nio-5005-exec-1] org.thymeleaf.TemplateEngine             : [THYMELEAF][http-nio-5005-exec-1] Exception processing template "full-layout": Error resolving template "full-layout", template might not exist or might not be accessible by any of the configured Template Resolvers
2017-05-08 15:04:55.331 ERROR 3860 --- [http-nio-5005-exec-1] o.a.c.c.C.[.[.[.[dispatcherServlet]      : Servlet.service() for servlet [dispatcherServlet] in context with path [/qrcode] threw exception [Request processing failed; nested exception is org.thymeleaf.exceptions.TemplateInputException: Error resolving template "full-layout", template might not exist or might not be accessible by any of the configured Template Resolvers] with root cause

org.thymeleaf.exceptions.TemplateInputException: Error resolving template "full-layout", template might not exist or might not be accessible by any of the configured Template Resolvers
	at org.thymeleaf.TemplateRepository.getTemplate(TemplateRepository.java:246) ~[thymeleaf-2.1.4.RELEASE.jar:2.1.4.RELEASE]
	at org.thymeleaf.TemplateEngine.process(TemplateEngine.java:1104) ~[thymeleaf-2.1.4.RELEASE.jar:2.1.4.RELEASE]
	at org.thymeleaf.TemplateEngine.process(TemplateEngine.java:1060) ~[thymeleaf-2.1.4.RELEASE.jar:2.1.4.RELEASE]
	at org.thymeleaf.TemplateEngine.process(TemplateEngine.java:1011) ~[thymeleaf-2.1.4.RELEASE.jar:2.1.4.RELEASE]
	at org.thymeleaf.spring4.view.ThymeleafView.renderFragment(ThymeleafView.java:335) ~[thymeleaf-spring4-2.1.4.RELEASE.jar:2.1.4.RELEASE]
	at org.thymeleaf.spring4.view.ThymeleafView.render(ThymeleafView.java:190) ~[thymeleaf-spring4-2.1.4.RELEASE.jar:2.1.4.RELEASE]
	at org.springframework.web.servlet.DispatcherServlet.render(DispatcherServlet.java:1246) ~[spring-webmvc-4.2.7.RELEASE.jar:4.2.7.RELEASE]
	at org.springframework.web.servlet.DispatcherServlet.processDispatchResult(DispatcherServlet.java:1029) ~[spring-webmvc-4.2.7.RELEASE.jar:4.2.7.RELEASE]
	at org.springframework.web.servlet.DispatcherServlet.doDispatch(DispatcherServlet.java:973) ~[spring-webmvc-4.2.7.RELEASE.jar:4.2.7.RELEASE]
	at org.springframework.web.servlet.DispatcherServlet.doService(DispatcherServlet.java:895) ~[spring-webmvc-4.2.7.RELEASE.jar:4.2.7.RELEASE]
	at org.springframework.web.servlet.FrameworkServlet.processRequest(FrameworkServlet.java:967) ~[spring-webmvc-4.2.7.RELEASE.jar:4.2.7.RELEASE]
	at org.springframework.web.servlet.FrameworkServlet.doGet(FrameworkServlet.java:858) ~[spring-webmvc-4.2.7.RELEASE.jar:4.2.7.RELEASE]
	at javax.servlet.http.HttpServlet.service(HttpServlet.java:622) ~[tomcat-embed-core-8.0.36.jar:8.0.36]
	at org.springframework.web.servlet.FrameworkServlet.service(FrameworkServlet.java:843) ~[spring-webmvc-4.2.7.RELEASE.jar:4.2.7.RELEASE]
	at javax.servlet.http.HttpServlet.service(HttpServlet.java:729) ~[tomcat-embed-core-8.0.36.jar:8.0.36]
	at org.apache.catalina.core.ApplicationFilterChain.internalDoFilter(ApplicationFilterChain.java:292) ~[tomcat-embed-core-8.0.36.jar:8.0.36]
	at org.apache.catalina.core.ApplicationFilterChain.doFilter(ApplicationFilterChain.java:207) ~[tomcat-embed-core-8.0.36.jar:8.0.36]
	at org.apache.tomcat.websocket.server.WsFilter.doFilter(WsFilter.java:52) ~[tomcat-embed-websocket-8.0.36.jar:8.0.36]
	at org.apache.catalina.core.ApplicationFilterChain.internalDoFilter(ApplicationFilterChain.java:240) ~[tomcat-embed-core-8.0.36.jar:8.0.36]
	at org.apache.catalina.core.ApplicationFilterChain.doFilter(ApplicationFilterChain.java:207) ~[tomcat-embed-core-8.0.36.jar:8.0.36]
	at org.springframework.web.filter.RequestContextFilter.doFilterInternal(RequestContextFilter.java:99) ~[spring-web-4.2.7.RELEASE.jar:4.2.7.RELEASE]
	at org.springframework.web.filter.OncePerRequestFilter.doFilter(OncePerRequestFilter.java:107) ~[spring-web-4.2.7.RELEASE.jar:4.2.7.RELEASE]
	at org.apache.catalina.core.ApplicationFilterChain.internalDoFilter(ApplicationFilterChain.java:240) ~[tomcat-embed-core-8.0.36.jar:8.0.36]
	at org.apache.catalina.core.ApplicationFilterChain.doFilter(ApplicationFilterChain.java:207) ~[tomcat-embed-core-8.0.36.jar:8.0.36]
	at org.springframework.web.filter.HttpPutFormContentFilter.doFilterInternal(HttpPutFormContentFilter.java:87) ~[spring-web-4.2.7.RELEASE.jar:4.2.7.RELEASE]
	at org.springframework.web.filter.OncePerRequestFilter.doFilter(OncePerRequestFilter.java:107) ~[spring-web-4.2.7.RELEASE.jar:4.2.7.RELEASE]
	at org.apache.catalina.core.ApplicationFilterChain.internalDoFilter(ApplicationFilterChain.java:240) ~[tomcat-embed-core-8.0.36.jar:8.0.36]
	at org.apache.catalina.core.ApplicationFilterChain.doFilter(ApplicationFilterChain.java:207) ~[tomcat-embed-core-8.0.36.jar:8.0.36]
	at org.springframework.web.filter.HiddenHttpMethodFilter.doFilterInternal(HiddenHttpMethodFilter.java:77) ~[spring-web-4.2.7.RELEASE.jar:4.2.7.RELEASE]
	at org.springframework.web.filter.OncePerRequestFilter.doFilter(OncePerRequestFilter.java:107) ~[spring-web-4.2.7.RELEASE.jar:4.2.7.RELEASE]
	at org.apache.catalina.core.ApplicationFilterChain.internalDoFilter(ApplicationFilterChain.java:240) ~[tomcat-embed-core-8.0.36.jar:8.0.36]
	at org.apache.catalina.core.ApplicationFilterChain.doFilter(ApplicationFilterChain.java:207) ~[tomcat-embed-core-8.0.36.jar:8.0.36]
	at org.springframework.web.filter.CharacterEncodingFilter.doFilterInternal(CharacterEncodingFilter.java:121) ~[spring-web-4.2.7.RELEASE.jar:4.2.7.RELEASE]
	at org.springframework.web.filter.OncePerRequestFilter.doFilter(OncePerRequestFilter.java:107) ~[spring-web-4.2.7.RELEASE.jar:4.2.7.RELEASE]
	at org.apache.catalina.core.ApplicationFilterChain.internalDoFilter(ApplicationFilterChain.java:240) ~[tomcat-embed-core-8.0.36.jar:8.0.36]
	at org.apache.catalina.core.ApplicationFilterChain.doFilter(ApplicationFilterChain.java:207) ~[tomcat-embed-core-8.0.36.jar:8.0.36]
	at org.apache.catalina.core.StandardWrapperValve.invoke(StandardWrapperValve.java:212) ~[tomcat-embed-core-8.0.36.jar:8.0.36]
	at org.apache.catalina.core.StandardContextValve.invoke(StandardContextValve.java:106) [tomcat-embed-core-8.0.36.jar:8.0.36]
	at org.apache.catalina.authenticator.AuthenticatorBase.invoke(AuthenticatorBase.java:502) [tomcat-embed-core-8.0.36.jar:8.0.36]
	at org.apache.catalina.core.StandardHostValve.invoke(StandardHostValve.java:141) [tomcat-embed-core-8.0.36.jar:8.0.36]
	at org.apache.catalina.valves.ErrorReportValve.invoke(ErrorReportValve.java:79) [tomcat-embed-core-8.0.36.jar:8.0.36]
	at org.apache.catalina.core.StandardEngineValve.invoke(StandardEngineValve.java:88) [tomcat-embed-core-8.0.36.jar:8.0.36]
	at org.apache.catalina.connector.CoyoteAdapter.service(CoyoteAdapter.java:528) [tomcat-embed-core-8.0.36.jar:8.0.36]
	at org.apache.coyote.http11.AbstractHttp11Processor.process(AbstractHttp11Processor.java:1099) [tomcat-embed-core-8.0.36.jar:8.0.36]
	at org.apache.coyote.AbstractProtocol$AbstractConnectionHandler.process(AbstractProtocol.java:670) [tomcat-embed-core-8.0.36.jar:8.0.36]
	at org.apache.tomcat.util.net.NioEndpoint$SocketProcessor.doRun(NioEndpoint.java:1520) [tomcat-embed-core-8.0.36.jar:8.0.36]
	at org.apache.tomcat.util.net.NioEndpoint$SocketProcessor.run(NioEndpoint.java:1476) [tomcat-embed-core-8.0.36.jar:8.0.36]
	at java.util.concurrent.ThreadPoolExecutor.runWorker(Unknown Source) [na:1.8.0_91]
	at java.util.concurrent.ThreadPoolExecutor$Worker.run(Unknown Source) [na:1.8.0_91]
	at org.apache.tomcat.util.threads.TaskThread$WrappingRunnable.run(TaskThread.java:61) [tomcat-embed-core-8.0.36.jar:8.0.36]
	at java.lang.Thread.run(Unknown Source) [na:1.8.0_91]

2017-05-08 15:05:01.661 ERROR 3860 --- [http-nio-5005-exec-2] org.thymeleaf.TemplateEngine             : [THYMELEAF][http-nio-5005-exec-2] Exception processing template "full-layout": Error resolving template "full-layout", template might not exist or might not be accessible by any of the configured Template Resolvers
2017-05-08 15:05:01.662 ERROR 3860 --- [http-nio-5005-exec-2] o.a.c.c.C.[.[.[.[dispatcherServlet]      : Servlet.service() for servlet [dispatcherServlet] in context with path [/qrcode] threw exception [Request processing failed; nested exception is org.thymeleaf.exceptions.TemplateInputException: Error resolving template "full-layout", template might not exist or might not be accessible by any of the configured Template Resolvers] with root cause

org.thymeleaf.exceptions.TemplateInputException: Error resolving template "full-layout", template might not exist or might not be accessible by any of the configured Template Resolvers
	at org.thymeleaf.TemplateRepository.getTemplate(TemplateRepository.java:246) ~[thymeleaf-2.1.4.RELEASE.jar:2.1.4.RELEASE]
	at org.thymeleaf.TemplateEngine.process(TemplateEngine.java:1104) ~[thymeleaf-2.1.4.RELEASE.jar:2.1.4.RELEASE]
	at org.thymeleaf.TemplateEngine.process(TemplateEngine.java:1060) ~[thymeleaf-2.1.4.RELEASE.jar:2.1.4.RELEASE]
	at org.thymeleaf.TemplateEngine.process(TemplateEngine.java:1011) ~[thymeleaf-2.1.4.RELEASE.jar:2.1.4.RELEASE]
	at org.thymeleaf.spring4.view.ThymeleafView.renderFragment(ThymeleafView.java:335) ~[thymeleaf-spring4-2.1.4.RELEASE.jar:2.1.4.RELEASE]
	at org.thymeleaf.spring4.view.ThymeleafView.render(ThymeleafView.java:190) ~[thymeleaf-spring4-2.1.4.RELEASE.jar:2.1.4.RELEASE]
	at org.springframework.web.servlet.DispatcherServlet.render(DispatcherServlet.java:1246) ~[spring-webmvc-4.2.7.RELEASE.jar:4.2.7.RELEASE]
	at org.springframework.web.servlet.DispatcherServlet.processDispatchResult(DispatcherServlet.java:1029) ~[spring-webmvc-4.2.7.RELEASE.jar:4.2.7.RELEASE]
	at org.springframework.web.servlet.DispatcherServlet.doDispatch(DispatcherServlet.java:973) ~[spring-webmvc-4.2.7.RELEASE.jar:4.2.7.RELEASE]
	at org.springframework.web.servlet.DispatcherServlet.doService(DispatcherServlet.java:895) ~[spring-webmvc-4.2.7.RELEASE.jar:4.2.7.RELEASE]
	at org.springframework.web.servlet.FrameworkServlet.processRequest(FrameworkServlet.java:967) ~[spring-webmvc-4.2.7.RELEASE.jar:4.2.7.RELEASE]
	at org.springframework.web.servlet.FrameworkServlet.doGet(FrameworkServlet.java:858) ~[spring-webmvc-4.2.7.RELEASE.jar:4.2.7.RELEASE]
	at javax.servlet.http.HttpServlet.service(HttpServlet.java:622) ~[tomcat-embed-core-8.0.36.jar:8.0.36]
	at org.springframework.web.servlet.FrameworkServlet.service(FrameworkServlet.java:843) ~[spring-webmvc-4.2.7.RELEASE.jar:4.2.7.RELEASE]
	at javax.servlet.http.HttpServlet.service(HttpServlet.java:729) ~[tomcat-embed-core-8.0.36.jar:8.0.36]
	at org.apache.catalina.core.ApplicationFilterChain.internalDoFilter(ApplicationFilterChain.java:292) ~[tomcat-embed-core-8.0.36.jar:8.0.36]
	at org.apache.catalina.core.ApplicationFilterChain.doFilter(ApplicationFilterChain.java:207) ~[tomcat-embed-core-8.0.36.jar:8.0.36]
	at org.apache.tomcat.websocket.server.WsFilter.doFilter(WsFilter.java:52) ~[tomcat-embed-websocket-8.0.36.jar:8.0.36]
	at org.apache.catalina.core.ApplicationFilterChain.internalDoFilter(ApplicationFilterChain.java:240) ~[tomcat-embed-core-8.0.36.jar:8.0.36]
	at org.apache.catalina.core.ApplicationFilterChain.doFilter(ApplicationFilterChain.java:207) ~[tomcat-embed-core-8.0.36.jar:8.0.36]
	at org.springframework.web.filter.RequestContextFilter.doFilterInternal(RequestContextFilter.java:99) ~[spring-web-4.2.7.RELEASE.jar:4.2.7.RELEASE]
	at org.springframework.web.filter.OncePerRequestFilter.doFilter(OncePerRequestFilter.java:107) ~[spring-web-4.2.7.RELEASE.jar:4.2.7.RELEASE]
	at org.apache.catalina.core.ApplicationFilterChain.internalDoFilter(ApplicationFilterChain.java:240) ~[tomcat-embed-core-8.0.36.jar:8.0.36]
	at org.apache.catalina.core.ApplicationFilterChain.doFilter(ApplicationFilterChain.java:207) ~[tomcat-embed-core-8.0.36.jar:8.0.36]
	at org.springframework.web.filter.HttpPutFormContentFilter.doFilterInternal(HttpPutFormContentFilter.java:87) ~[spring-web-4.2.7.RELEASE.jar:4.2.7.RELEASE]
	at org.springframework.web.filter.OncePerRequestFilter.doFilter(OncePerRequestFilter.java:107) ~[spring-web-4.2.7.RELEASE.jar:4.2.7.RELEASE]
	at org.apache.catalina.core.ApplicationFilterChain.internalDoFilter(ApplicationFilterChain.java:240) ~[tomcat-embed-core-8.0.36.jar:8.0.36]
	at org.apache.catalina.core.ApplicationFilterChain.doFilter(ApplicationFilterChain.java:207) ~[tomcat-embed-core-8.0.36.jar:8.0.36]
	at org.springframework.web.filter.HiddenHttpMethodFilter.doFilterInternal(HiddenHttpMethodFilter.java:77) ~[spring-web-4.2.7.RELEASE.jar:4.2.7.RELEASE]
	at org.springframework.web.filter.OncePerRequestFilter.doFilter(OncePerRequestFilter.java:107) ~[spring-web-4.2.7.RELEASE.jar:4.2.7.RELEASE]
	at org.apache.catalina.core.ApplicationFilterChain.internalDoFilter(ApplicationFilterChain.java:240) ~[tomcat-embed-core-8.0.36.jar:8.0.36]
	at org.apache.catalina.core.ApplicationFilterChain.doFilter(ApplicationFilterChain.java:207) ~[tomcat-embed-core-8.0.36.jar:8.0.36]
	at org.springframework.web.filter.CharacterEncodingFilter.doFilterInternal(CharacterEncodingFilter.java:121) ~[spring-web-4.2.7.RELEASE.jar:4.2.7.RELEASE]
	at org.springframework.web.filter.OncePerRequestFilter.doFilter(OncePerRequestFilter.java:107) ~[spring-web-4.2.7.RELEASE.jar:4.2.7.RELEASE]
	at org.apache.catalina.core.ApplicationFilterChain.internalDoFilter(ApplicationFilterChain.java:240) ~[tomcat-embed-core-8.0.36.jar:8.0.36]
	at org.apache.catalina.core.ApplicationFilterChain.doFilter(ApplicationFilterChain.java:207) ~[tomcat-embed-core-8.0.36.jar:8.0.36]
	at org.apache.catalina.core.StandardWrapperValve.invoke(StandardWrapperValve.java:212) ~[tomcat-embed-core-8.0.36.jar:8.0.36]
	at org.apache.catalina.core.StandardContextValve.invoke(StandardContextValve.java:106) [tomcat-embed-core-8.0.36.jar:8.0.36]
	at org.apache.catalina.authenticator.AuthenticatorBase.invoke(AuthenticatorBase.java:502) [tomcat-embed-core-8.0.36.jar:8.0.36]
	at org.apache.catalina.core.StandardHostValve.invoke(StandardHostValve.java:141) [tomcat-embed-core-8.0.36.jar:8.0.36]
	at org.apache.catalina.valves.ErrorReportValve.invoke(ErrorReportValve.java:79) [tomcat-embed-core-8.0.36.jar:8.0.36]
	at org.apache.catalina.core.StandardEngineValve.invoke(StandardEngineValve.java:88) [tomcat-embed-core-8.0.36.jar:8.0.36]
	at org.apache.catalina.connector.CoyoteAdapter.service(CoyoteAdapter.java:528) [tomcat-embed-core-8.0.36.jar:8.0.36]
	at org.apache.coyote.http11.AbstractHttp11Processor.process(AbstractHttp11Processor.java:1099) [tomcat-embed-core-8.0.36.jar:8.0.36]
	at org.apache.coyote.AbstractProtocol$AbstractConnectionHandler.process(AbstractProtocol.java:670) [tomcat-embed-core-8.0.36.jar:8.0.36]
	at org.apache.tomcat.util.net.NioEndpoint$SocketProcessor.doRun(NioEndpoint.java:1520) [tomcat-embed-core-8.0.36.jar:8.0.36]
	at org.apache.tomcat.util.net.NioEndpoint$SocketProcessor.run(NioEndpoint.java:1476) [tomcat-embed-core-8.0.36.jar:8.0.36]
	at java.util.concurrent.ThreadPoolExecutor.runWorker(Unknown Source) [na:1.8.0_91]
	at java.util.concurrent.ThreadPoolExecutor$Worker.run(Unknown Source) [na:1.8.0_91]
	at org.apache.tomcat.util.threads.TaskThread$WrappingRunnable.run(TaskThread.java:61) [tomcat-embed-core-8.0.36.jar:8.0.36]
	at java.lang.Thread.run(Unknown Source) [na:1.8.0_91]

2017-05-08 15:05:12.643 ERROR 3860 --- [http-nio-5005-exec-6] org.thymeleaf.TemplateEngine             : [THYMELEAF][http-nio-5005-exec-6] Exception processing template "full-layout": Error resolving template "full-layout", template might not exist or might not be accessible by any of the configured Template Resolvers
2017-05-08 15:05:12.644 ERROR 3860 --- [http-nio-5005-exec-6] o.a.c.c.C.[.[.[.[dispatcherServlet]      : Servlet.service() for servlet [dispatcherServlet] in context with path [/qrcode] threw exception [Request processing failed; nested exception is org.thymeleaf.exceptions.TemplateInputException: Error resolving template "full-layout", template might not exist or might not be accessible by any of the configured Template Resolvers] with root cause

org.thymeleaf.exceptions.TemplateInputException: Error resolving template "full-layout", template might not exist or might not be accessible by any of the configured Template Resolvers
	at org.thymeleaf.TemplateRepository.getTemplate(TemplateRepository.java:246) ~[thymeleaf-2.1.4.RELEASE.jar:2.1.4.RELEASE]
	at org.thymeleaf.TemplateEngine.process(TemplateEngine.java:1104) ~[thymeleaf-2.1.4.RELEASE.jar:2.1.4.RELEASE]
	at org.thymeleaf.TemplateEngine.process(TemplateEngine.java:1060) ~[thymeleaf-2.1.4.RELEASE.jar:2.1.4.RELEASE]
	at org.thymeleaf.TemplateEngine.process(TemplateEngine.java:1011) ~[thymeleaf-2.1.4.RELEASE.jar:2.1.4.RELEASE]
	at org.thymeleaf.spring4.view.ThymeleafView.renderFragment(ThymeleafView.java:335) ~[thymeleaf-spring4-2.1.4.RELEASE.jar:2.1.4.RELEASE]
	at org.thymeleaf.spring4.view.ThymeleafView.render(ThymeleafView.java:190) ~[thymeleaf-spring4-2.1.4.RELEASE.jar:2.1.4.RELEASE]
	at org.springframework.web.servlet.DispatcherServlet.render(DispatcherServlet.java:1246) ~[spring-webmvc-4.2.7.RELEASE.jar:4.2.7.RELEASE]
	at org.springframework.web.servlet.DispatcherServlet.processDispatchResult(DispatcherServlet.java:1029) ~[spring-webmvc-4.2.7.RELEASE.jar:4.2.7.RELEASE]
	at org.springframework.web.servlet.DispatcherServlet.doDispatch(DispatcherServlet.java:973) ~[spring-webmvc-4.2.7.RELEASE.jar:4.2.7.RELEASE]
	at org.springframework.web.servlet.DispatcherServlet.doService(DispatcherServlet.java:895) ~[spring-webmvc-4.2.7.RELEASE.jar:4.2.7.RELEASE]
	at org.springframework.web.servlet.FrameworkServlet.processRequest(FrameworkServlet.java:967) ~[spring-webmvc-4.2.7.RELEASE.jar:4.2.7.RELEASE]
	at org.springframework.web.servlet.FrameworkServlet.doGet(FrameworkServlet.java:858) ~[spring-webmvc-4.2.7.RELEASE.jar:4.2.7.RELEASE]
	at javax.servlet.http.HttpServlet.service(HttpServlet.java:622) ~[tomcat-embed-core-8.0.36.jar:8.0.36]
	at org.springframework.web.servlet.FrameworkServlet.service(FrameworkServlet.java:843) ~[spring-webmvc-4.2.7.RELEASE.jar:4.2.7.RELEASE]
	at javax.servlet.http.HttpServlet.service(HttpServlet.java:729) ~[tomcat-embed-core-8.0.36.jar:8.0.36]
	at org.apache.catalina.core.ApplicationFilterChain.internalDoFilter(ApplicationFilterChain.java:292) ~[tomcat-embed-core-8.0.36.jar:8.0.36]
	at org.apache.catalina.core.ApplicationFilterChain.doFilter(ApplicationFilterChain.java:207) ~[tomcat-embed-core-8.0.36.jar:8.0.36]
	at org.apache.tomcat.websocket.server.WsFilter.doFilter(WsFilter.java:52) ~[tomcat-embed-websocket-8.0.36.jar:8.0.36]
	at org.apache.catalina.core.ApplicationFilterChain.internalDoFilter(ApplicationFilterChain.java:240) ~[tomcat-embed-core-8.0.36.jar:8.0.36]
	at org.apache.catalina.core.ApplicationFilterChain.doFilter(ApplicationFilterChain.java:207) ~[tomcat-embed-core-8.0.36.jar:8.0.36]
	at org.springframework.web.filter.RequestContextFilter.doFilterInternal(RequestContextFilter.java:99) ~[spring-web-4.2.7.RELEASE.jar:4.2.7.RELEASE]
	at org.springframework.web.filter.OncePerRequestFilter.doFilter(OncePerRequestFilter.java:107) ~[spring-web-4.2.7.RELEASE.jar:4.2.7.RELEASE]
	at org.apache.catalina.core.ApplicationFilterChain.internalDoFilter(ApplicationFilterChain.java:240) ~[tomcat-embed-core-8.0.36.jar:8.0.36]
	at org.apache.catalina.core.ApplicationFilterChain.doFilter(ApplicationFilterChain.java:207) ~[tomcat-embed-core-8.0.36.jar:8.0.36]
	at org.springframework.web.filter.HttpPutFormContentFilter.doFilterInternal(HttpPutFormContentFilter.java:87) ~[spring-web-4.2.7.RELEASE.jar:4.2.7.RELEASE]
	at org.springframework.web.filter.OncePerRequestFilter.doFilter(OncePerRequestFilter.java:107) ~[spring-web-4.2.7.RELEASE.jar:4.2.7.RELEASE]
	at org.apache.catalina.core.ApplicationFilterChain.internalDoFilter(ApplicationFilterChain.java:240) ~[tomcat-embed-core-8.0.36.jar:8.0.36]
	at org.apache.catalina.core.ApplicationFilterChain.doFilter(ApplicationFilterChain.java:207) ~[tomcat-embed-core-8.0.36.jar:8.0.36]
	at org.springframework.web.filter.HiddenHttpMethodFilter.doFilterInternal(HiddenHttpMethodFilter.java:77) ~[spring-web-4.2.7.RELEASE.jar:4.2.7.RELEASE]
	at org.springframework.web.filter.OncePerRequestFilter.doFilter(OncePerRequestFilter.java:107) ~[spring-web-4.2.7.RELEASE.jar:4.2.7.RELEASE]
	at org.apache.catalina.core.ApplicationFilterChain.internalDoFilter(ApplicationFilterChain.java:240) ~[tomcat-embed-core-8.0.36.jar:8.0.36]
	at org.apache.catalina.core.ApplicationFilterChain.doFilter(ApplicationFilterChain.java:207) ~[tomcat-embed-core-8.0.36.jar:8.0.36]
	at org.springframework.web.filter.CharacterEncodingFilter.doFilterInternal(CharacterEncodingFilter.java:121) ~[spring-web-4.2.7.RELEASE.jar:4.2.7.RELEASE]
	at org.springframework.web.filter.OncePerRequestFilter.doFilter(OncePerRequestFilter.java:107) ~[spring-web-4.2.7.RELEASE.jar:4.2.7.RELEASE]
	at org.apache.catalina.core.ApplicationFilterChain.internalDoFilter(ApplicationFilterChain.java:240) ~[tomcat-embed-core-8.0.36.jar:8.0.36]
	at org.apache.catalina.core.ApplicationFilterChain.doFilter(ApplicationFilterChain.java:207) ~[tomcat-embed-core-8.0.36.jar:8.0.36]
	at org.apache.catalina.core.StandardWrapperValve.invoke(StandardWrapperValve.java:212) ~[tomcat-embed-core-8.0.36.jar:8.0.36]
	at org.apache.catalina.core.StandardContextValve.invoke(StandardContextValve.java:106) [tomcat-embed-core-8.0.36.jar:8.0.36]
	at org.apache.catalina.authenticator.AuthenticatorBase.invoke(AuthenticatorBase.java:502) [tomcat-embed-core-8.0.36.jar:8.0.36]
	at org.apache.catalina.core.StandardHostValve.invoke(StandardHostValve.java:141) [tomcat-embed-core-8.0.36.jar:8.0.36]
	at org.apache.catalina.valves.ErrorReportValve.invoke(ErrorReportValve.java:79) [tomcat-embed-core-8.0.36.jar:8.0.36]
	at org.apache.catalina.core.StandardEngineValve.invoke(StandardEngineValve.java:88) [tomcat-embed-core-8.0.36.jar:8.0.36]
	at org.apache.catalina.connector.CoyoteAdapter.service(CoyoteAdapter.java:528) [tomcat-embed-core-8.0.36.jar:8.0.36]
	at org.apache.coyote.http11.AbstractHttp11Processor.process(AbstractHttp11Processor.java:1099) [tomcat-embed-core-8.0.36.jar:8.0.36]
	at org.apache.coyote.AbstractProtocol$AbstractConnectionHandler.process(AbstractProtocol.java:670) [tomcat-embed-core-8.0.36.jar:8.0.36]
	at org.apache.tomcat.util.net.NioEndpoint$SocketProcessor.doRun(NioEndpoint.java:1520) [tomcat-embed-core-8.0.36.jar:8.0.36]
	at org.apache.tomcat.util.net.NioEndpoint$SocketProcessor.run(NioEndpoint.java:1476) [tomcat-embed-core-8.0.36.jar:8.0.36]
	at java.util.concurrent.ThreadPoolExecutor.runWorker(Unknown Source) [na:1.8.0_91]
	at java.util.concurrent.ThreadPoolExecutor$Worker.run(Unknown Source) [na:1.8.0_91]
	at org.apache.tomcat.util.threads.TaskThread$WrappingRunnable.run(TaskThread.java:61) [tomcat-embed-core-8.0.36.jar:8.0.36]
	at java.lang.Thread.run(Unknown Source) [na:1.8.0_91]

2017-05-08 15:06:36.086 ERROR 3860 --- [http-nio-5005-exec-9] org.thymeleaf.TemplateEngine             : [THYMELEAF][http-nio-5005-exec-9] Exception processing template "full-layout": Error resolving template "full-layout", template might not exist or might not be accessible by any of the configured Template Resolvers
2017-05-08 15:06:36.087 ERROR 3860 --- [http-nio-5005-exec-9] o.a.c.c.C.[.[.[.[dispatcherServlet]      : Servlet.service() for servlet [dispatcherServlet] in context with path [/qrcode] threw exception [Request processing failed; nested exception is org.thymeleaf.exceptions.TemplateInputException: Error resolving template "full-layout", template might not exist or might not be accessible by any of the configured Template Resolvers] with root cause

org.thymeleaf.exceptions.TemplateInputException: Error resolving template "full-layout", template might not exist or might not be accessible by any of the configured Template Resolvers
	at org.thymeleaf.TemplateRepository.getTemplate(TemplateRepository.java:246) ~[thymeleaf-2.1.4.RELEASE.jar:2.1.4.RELEASE]
	at org.thymeleaf.TemplateEngine.process(TemplateEngine.java:1104) ~[thymeleaf-2.1.4.RELEASE.jar:2.1.4.RELEASE]
	at org.thymeleaf.TemplateEngine.process(TemplateEngine.java:1060) ~[thymeleaf-2.1.4.RELEASE.jar:2.1.4.RELEASE]
	at org.thymeleaf.TemplateEngine.process(TemplateEngine.java:1011) ~[thymeleaf-2.1.4.RELEASE.jar:2.1.4.RELEASE]
	at org.thymeleaf.spring4.view.ThymeleafView.renderFragment(ThymeleafView.java:335) ~[thymeleaf-spring4-2.1.4.RELEASE.jar:2.1.4.RELEASE]
	at org.thymeleaf.spring4.view.ThymeleafView.render(ThymeleafView.java:190) ~[thymeleaf-spring4-2.1.4.RELEASE.jar:2.1.4.RELEASE]
	at org.springframework.web.servlet.DispatcherServlet.render(DispatcherServlet.java:1246) ~[spring-webmvc-4.2.7.RELEASE.jar:4.2.7.RELEASE]
	at org.springframework.web.servlet.DispatcherServlet.processDispatchResult(DispatcherServlet.java:1029) ~[spring-webmvc-4.2.7.RELEASE.jar:4.2.7.RELEASE]
	at org.springframework.web.servlet.DispatcherServlet.doDispatch(DispatcherServlet.java:973) ~[spring-webmvc-4.2.7.RELEASE.jar:4.2.7.RELEASE]
	at org.springframework.web.servlet.DispatcherServlet.doService(DispatcherServlet.java:895) ~[spring-webmvc-4.2.7.RELEASE.jar:4.2.7.RELEASE]
	at org.springframework.web.servlet.FrameworkServlet.processRequest(FrameworkServlet.java:967) ~[spring-webmvc-4.2.7.RELEASE.jar:4.2.7.RELEASE]
	at org.springframework.web.servlet.FrameworkServlet.doGet(FrameworkServlet.java:858) ~[spring-webmvc-4.2.7.RELEASE.jar:4.2.7.RELEASE]
	at javax.servlet.http.HttpServlet.service(HttpServlet.java:622) ~[tomcat-embed-core-8.0.36.jar:8.0.36]
	at org.springframework.web.servlet.FrameworkServlet.service(FrameworkServlet.java:843) ~[spring-webmvc-4.2.7.RELEASE.jar:4.2.7.RELEASE]
	at javax.servlet.http.HttpServlet.service(HttpServlet.java:729) ~[tomcat-embed-core-8.0.36.jar:8.0.36]
	at org.apache.catalina.core.ApplicationFilterChain.internalDoFilter(ApplicationFilterChain.java:292) ~[tomcat-embed-core-8.0.36.jar:8.0.36]
	at org.apache.catalina.core.ApplicationFilterChain.doFilter(ApplicationFilterChain.java:207) ~[tomcat-embed-core-8.0.36.jar:8.0.36]
	at org.apache.tomcat.websocket.server.WsFilter.doFilter(WsFilter.java:52) ~[tomcat-embed-websocket-8.0.36.jar:8.0.36]
	at org.apache.catalina.core.ApplicationFilterChain.internalDoFilter(ApplicationFilterChain.java:240) ~[tomcat-embed-core-8.0.36.jar:8.0.36]
	at org.apache.catalina.core.ApplicationFilterChain.doFilter(ApplicationFilterChain.java:207) ~[tomcat-embed-core-8.0.36.jar:8.0.36]
	at org.springframework.web.filter.RequestContextFilter.doFilterInternal(RequestContextFilter.java:99) ~[spring-web-4.2.7.RELEASE.jar:4.2.7.RELEASE]
	at org.springframework.web.filter.OncePerRequestFilter.doFilter(OncePerRequestFilter.java:107) ~[spring-web-4.2.7.RELEASE.jar:4.2.7.RELEASE]
	at org.apache.catalina.core.ApplicationFilterChain.internalDoFilter(ApplicationFilterChain.java:240) ~[tomcat-embed-core-8.0.36.jar:8.0.36]
	at org.apache.catalina.core.ApplicationFilterChain.doFilter(ApplicationFilterChain.java:207) ~[tomcat-embed-core-8.0.36.jar:8.0.36]
	at org.springframework.web.filter.HttpPutFormContentFilter.doFilterInternal(HttpPutFormContentFilter.java:87) ~[spring-web-4.2.7.RELEASE.jar:4.2.7.RELEASE]
	at org.springframework.web.filter.OncePerRequestFilter.doFilter(OncePerRequestFilter.java:107) ~[spring-web-4.2.7.RELEASE.jar:4.2.7.RELEASE]
	at org.apache.catalina.core.ApplicationFilterChain.internalDoFilter(ApplicationFilterChain.java:240) ~[tomcat-embed-core-8.0.36.jar:8.0.36]
	at org.apache.catalina.core.ApplicationFilterChain.doFilter(ApplicationFilterChain.java:207) ~[tomcat-embed-core-8.0.36.jar:8.0.36]
	at org.springframework.web.filter.HiddenHttpMethodFilter.doFilterInternal(HiddenHttpMethodFilter.java:77) ~[spring-web-4.2.7.RELEASE.jar:4.2.7.RELEASE]
	at org.springframework.web.filter.OncePerRequestFilter.doFilter(OncePerRequestFilter.java:107) ~[spring-web-4.2.7.RELEASE.jar:4.2.7.RELEASE]
	at org.apache.catalina.core.ApplicationFilterChain.internalDoFilter(ApplicationFilterChain.java:240) ~[tomcat-embed-core-8.0.36.jar:8.0.36]
	at org.apache.catalina.core.ApplicationFilterChain.doFilter(ApplicationFilterChain.java:207) ~[tomcat-embed-core-8.0.36.jar:8.0.36]
	at org.springframework.web.filter.CharacterEncodingFilter.doFilterInternal(CharacterEncodingFilter.java:121) ~[spring-web-4.2.7.RELEASE.jar:4.2.7.RELEASE]
	at org.springframework.web.filter.OncePerRequestFilter.doFilter(OncePerRequestFilter.java:107) ~[spring-web-4.2.7.RELEASE.jar:4.2.7.RELEASE]
	at org.apache.catalina.core.ApplicationFilterChain.internalDoFilter(ApplicationFilterChain.java:240) ~[tomcat-embed-core-8.0.36.jar:8.0.36]
	at org.apache.catalina.core.ApplicationFilterChain.doFilter(ApplicationFilterChain.java:207) ~[tomcat-embed-core-8.0.36.jar:8.0.36]
	at org.apache.catalina.core.StandardWrapperValve.invoke(StandardWrapperValve.java:212) ~[tomcat-embed-core-8.0.36.jar:8.0.36]
	at org.apache.catalina.core.StandardContextValve.invoke(StandardContextValve.java:106) [tomcat-embed-core-8.0.36.jar:8.0.36]
	at org.apache.catalina.authenticator.AuthenticatorBase.invoke(AuthenticatorBase.java:502) [tomcat-embed-core-8.0.36.jar:8.0.36]
	at org.apache.catalina.core.StandardHostValve.invoke(StandardHostValve.java:141) [tomcat-embed-core-8.0.36.jar:8.0.36]
	at org.apache.catalina.valves.ErrorReportValve.invoke(ErrorReportValve.java:79) [tomcat-embed-core-8.0.36.jar:8.0.36]
	at org.apache.catalina.core.StandardEngineValve.invoke(StandardEngineValve.java:88) [tomcat-embed-core-8.0.36.jar:8.0.36]
	at org.apache.catalina.connector.CoyoteAdapter.service(CoyoteAdapter.java:528) [tomcat-embed-core-8.0.36.jar:8.0.36]
	at org.apache.coyote.http11.AbstractHttp11Processor.process(AbstractHttp11Processor.java:1099) [tomcat-embed-core-8.0.36.jar:8.0.36]
	at org.apache.coyote.AbstractProtocol$AbstractConnectionHandler.process(AbstractProtocol.java:670) [tomcat-embed-core-8.0.36.jar:8.0.36]
	at org.apache.tomcat.util.net.NioEndpoint$SocketProcessor.doRun(NioEndpoint.java:1520) [tomcat-embed-core-8.0.36.jar:8.0.36]
	at org.apache.tomcat.util.net.NioEndpoint$SocketProcessor.run(NioEndpoint.java:1476) [tomcat-embed-core-8.0.36.jar:8.0.36]
	at java.util.concurrent.ThreadPoolExecutor.runWorker(Unknown Source) [na:1.8.0_91]
	at java.util.concurrent.ThreadPoolExecutor$Worker.run(Unknown Source) [na:1.8.0_91]
	at org.apache.tomcat.util.threads.TaskThread$WrappingRunnable.run(TaskThread.java:61) [tomcat-embed-core-8.0.36.jar:8.0.36]
	at java.lang.Thread.run(Unknown Source) [na:1.8.0_91]

2017-05-08 15:38:09.460  INFO 10080 --- [main] com.cheng.test.Application               : Starting Application on DESKTOP-A3FVFPB with PID 10080 (H:\WorkSpace\qrcode-demo\target\classes started by admin in H:\WorkSpace\qrcode-demo)
2017-05-08 15:38:09.465  INFO 10080 --- [main] com.cheng.test.Application               : No active profile set, falling back to default profiles: default
2017-05-08 15:38:09.798  INFO 10080 --- [main] ationConfigEmbeddedWebApplicationContext : Refreshing org.springframework.boot.context.embedded.AnnotationConfigEmbeddedWebApplicationContext@58e1d9d: startup date [Mon May 08 15:38:09 CST 2017]; root of context hierarchy
2017-05-08 15:38:11.234  INFO 10080 --- [main] o.s.b.f.s.DefaultListableBeanFactory     : Overriding bean definition for bean 'thymeleafResourceResolver' with a different definition: replacing [Root bean: class [null]; scope=; abstract=false; lazyInit=false; autowireMode=3; dependencyCheck=0; autowireCandidate=true; primary=false; factoryBeanName=beansConfiguration; factoryMethodName=thymeleafResourceResolver; initMethodName=null; destroyMethodName=(inferred); defined in class path resource [com/cheng/test/config/BeansConfiguration.class]] with [Root bean: class [null]; scope=; abstract=false; lazyInit=false; autowireMode=3; dependencyCheck=0; autowireCandidate=true; primary=false; factoryBeanName=org.springframework.boot.autoconfigure.thymeleaf.ThymeleafAutoConfiguration$DefaultTemplateResolverConfiguration; factoryMethodName=thymeleafResourceResolver; initMethodName=null; destroyMethodName=(inferred); defined in class path resource [org/springframework/boot/autoconfigure/thymeleaf/ThymeleafAutoConfiguration$DefaultTemplateResolverConfiguration.class]]
2017-05-08 15:38:11.540  INFO 10080 --- [main] trationDelegate$BeanPostProcessorChecker : Bean 'org.springframework.transaction.annotation.ProxyTransactionManagementConfiguration' of type [class org.springframework.transaction.annotation.ProxyTransactionManagementConfiguration$$EnhancerBySpringCGLIB$$2c40c6ac] is not eligible for getting processed by all BeanPostProcessors (for example: not eligible for auto-proxying)
2017-05-08 15:38:12.254  INFO 10080 --- [main] s.b.c.e.t.TomcatEmbeddedServletContainer : Tomcat initialized with port(s): 5005 (http)
2017-05-08 15:38:12.272  INFO 10080 --- [main] o.apache.catalina.core.StandardService   : Starting service Tomcat
2017-05-08 15:38:12.274  INFO 10080 --- [main] org.apache.catalina.core.StandardEngine  : Starting Servlet Engine: Apache Tomcat/8.0.36
2017-05-08 15:38:12.433  INFO 10080 --- [localhost-startStop-1] o.a.c.c.C.[.[localhost].[/qrcode]        : Initializing Spring embedded WebApplicationContext
2017-05-08 15:38:12.433  INFO 10080 --- [localhost-startStop-1] o.s.web.context.ContextLoader            : Root WebApplicationContext: initialization completed in 2639 ms
2017-05-08 15:38:13.077  INFO 10080 --- [localhost-startStop-1] o.s.b.c.e.ServletRegistrationBean        : Mapping servlet: 'dispatcherServlet' to [/]
2017-05-08 15:38:13.084  INFO 10080 --- [localhost-startStop-1] o.s.b.c.embedded.FilterRegistrationBean  : Mapping filter: 'characterEncodingFilter' to: [/*]
2017-05-08 15:38:13.084  INFO 10080 --- [localhost-startStop-1] o.s.b.c.embedded.FilterRegistrationBean  : Mapping filter: 'hiddenHttpMethodFilter' to: [/*]
2017-05-08 15:38:13.085  INFO 10080 --- [localhost-startStop-1] o.s.b.c.embedded.FilterRegistrationBean  : Mapping filter: 'httpPutFormContentFilter' to: [/*]
2017-05-08 15:38:13.085  INFO 10080 --- [localhost-startStop-1] o.s.b.c.embedded.FilterRegistrationBean  : Mapping filter: 'requestContextFilter' to: [/*]
2017-05-08 15:38:14.717  INFO 10080 --- [main] s.w.s.m.m.a.RequestMappingHandlerAdapter : Looking for @ControllerAdvice: org.springframework.boot.context.embedded.AnnotationConfigEmbeddedWebApplicationContext@58e1d9d: startup date [Mon May 08 15:38:09 CST 2017]; root of context hierarchy
2017-05-08 15:38:14.793  INFO 10080 --- [main] s.w.s.m.m.a.RequestMappingHandlerMapping : Mapped "{[/test],methods=[GET]}" onto public java.lang.String com.cheng.test.controller.TestController.testPage(org.springframework.ui.Model)
2017-05-08 15:38:14.796  INFO 10080 --- [main] s.w.s.m.m.a.RequestMappingHandlerMapping : Mapped "{[/error]}" onto public org.springframework.http.ResponseEntity<java.util.Map<java.lang.String, java.lang.Object>> org.springframework.boot.autoconfigure.web.BasicErrorController.error(javax.servlet.http.HttpServletRequest)
2017-05-08 15:38:14.797  INFO 10080 --- [main] s.w.s.m.m.a.RequestMappingHandlerMapping : Mapped "{[/error],produces=[text/html]}" onto public org.springframework.web.servlet.ModelAndView org.springframework.boot.autoconfigure.web.BasicErrorController.errorHtml(javax.servlet.http.HttpServletRequest,javax.servlet.http.HttpServletResponse)
2017-05-08 15:38:14.836  INFO 10080 --- [main] o.s.w.s.handler.SimpleUrlHandlerMapping  : Mapped URL path [/webjars/**] onto handler of type [class org.springframework.web.servlet.resource.ResourceHttpRequestHandler]
2017-05-08 15:38:14.837  INFO 10080 --- [main] o.s.w.s.handler.SimpleUrlHandlerMapping  : Mapped URL path [/**] onto handler of type [class org.springframework.web.servlet.resource.ResourceHttpRequestHandler]
2017-05-08 15:38:15.241  INFO 10080 --- [main] o.s.j.e.a.AnnotationMBeanExporter        : Registering beans for JMX exposure on startup
2017-05-08 15:38:15.319  INFO 10080 --- [main] s.b.c.e.t.TomcatEmbeddedServletContainer : Tomcat started on port(s): 5005 (http)
2017-05-08 15:38:15.324  INFO 10080 --- [main] com.cheng.test.Application               : Started Application in 6.288 seconds (JVM running for 6.796)
2017-05-08 15:47:21.579  INFO 12104 --- [main] com.cheng.test.Application               : Starting Application on DESKTOP-A3FVFPB with PID 12104 (H:\WorkSpace\qrcode-demo\target\classes started by admin in H:\WorkSpace\qrcode-demo)
2017-05-08 15:47:21.585  INFO 12104 --- [main] com.cheng.test.Application               : No active profile set, falling back to default profiles: default
2017-05-08 15:47:21.881  INFO 12104 --- [main] ationConfigEmbeddedWebApplicationContext : Refreshing org.springframework.boot.context.embedded.AnnotationConfigEmbeddedWebApplicationContext@58e1d9d: startup date [Mon May 08 15:47:21 CST 2017]; root of context hierarchy
2017-05-08 15:47:23.196  INFO 12104 --- [main] o.s.b.f.s.DefaultListableBeanFactory     : Overriding bean definition for bean 'thymeleafResourceResolver' with a different definition: replacing [Root bean: class [null]; scope=; abstract=false; lazyInit=false; autowireMode=3; dependencyCheck=0; autowireCandidate=true; primary=false; factoryBeanName=beansConfiguration; factoryMethodName=thymeleafResourceResolver; initMethodName=null; destroyMethodName=(inferred); defined in class path resource [com/cheng/test/config/BeansConfiguration.class]] with [Root bean: class [null]; scope=; abstract=false; lazyInit=false; autowireMode=3; dependencyCheck=0; autowireCandidate=true; primary=false; factoryBeanName=org.springframework.boot.autoconfigure.thymeleaf.ThymeleafAutoConfiguration$DefaultTemplateResolverConfiguration; factoryMethodName=thymeleafResourceResolver; initMethodName=null; destroyMethodName=(inferred); defined in class path resource [org/springframework/boot/autoconfigure/thymeleaf/ThymeleafAutoConfiguration$DefaultTemplateResolverConfiguration.class]]
2017-05-08 15:47:23.542  INFO 12104 --- [main] trationDelegate$BeanPostProcessorChecker : Bean 'org.springframework.transaction.annotation.ProxyTransactionManagementConfiguration' of type [class org.springframework.transaction.annotation.ProxyTransactionManagementConfiguration$$EnhancerBySpringCGLIB$$4cb6b403] is not eligible for getting processed by all BeanPostProcessors (for example: not eligible for auto-proxying)
2017-05-08 15:47:24.288  INFO 12104 --- [main] s.b.c.e.t.TomcatEmbeddedServletContainer : Tomcat initialized with port(s): 5005 (http)
2017-05-08 15:47:24.304  INFO 12104 --- [main] o.apache.catalina.core.StandardService   : Starting service Tomcat
2017-05-08 15:47:24.305  INFO 12104 --- [main] org.apache.catalina.core.StandardEngine  : Starting Servlet Engine: Apache Tomcat/8.0.36
2017-05-08 15:47:24.446  INFO 12104 --- [localhost-startStop-1] o.a.c.c.C.[.[localhost].[/qrcode]        : Initializing Spring embedded WebApplicationContext
2017-05-08 15:47:24.446  INFO 12104 --- [localhost-startStop-1] o.s.web.context.ContextLoader            : Root WebApplicationContext: initialization completed in 2569 ms
2017-05-08 15:47:24.911  INFO 12104 --- [localhost-startStop-1] o.s.b.c.e.ServletRegistrationBean        : Mapping servlet: 'dispatcherServlet' to [/]
2017-05-08 15:47:24.917  INFO 12104 --- [localhost-startStop-1] o.s.b.c.embedded.FilterRegistrationBean  : Mapping filter: 'characterEncodingFilter' to: [/*]
2017-05-08 15:47:24.918  INFO 12104 --- [localhost-startStop-1] o.s.b.c.embedded.FilterRegistrationBean  : Mapping filter: 'hiddenHttpMethodFilter' to: [/*]
2017-05-08 15:47:24.918  INFO 12104 --- [localhost-startStop-1] o.s.b.c.embedded.FilterRegistrationBean  : Mapping filter: 'httpPutFormContentFilter' to: [/*]
2017-05-08 15:47:24.918  INFO 12104 --- [localhost-startStop-1] o.s.b.c.embedded.FilterRegistrationBean  : Mapping filter: 'requestContextFilter' to: [/*]
2017-05-08 15:47:26.583  INFO 12104 --- [main] s.w.s.m.m.a.RequestMappingHandlerAdapter : Looking for @ControllerAdvice: org.springframework.boot.context.embedded.AnnotationConfigEmbeddedWebApplicationContext@58e1d9d: startup date [Mon May 08 15:47:21 CST 2017]; root of context hierarchy
2017-05-08 15:47:26.674  INFO 12104 --- [main] s.w.s.m.m.a.RequestMappingHandlerMapping : Mapped "{[/test],methods=[GET]}" onto public java.lang.String com.cheng.test.controller.TestController.testPage(org.springframework.ui.Model)
2017-05-08 15:47:26.682  INFO 12104 --- [main] s.w.s.m.m.a.RequestMappingHandlerMapping : Mapped "{[/error]}" onto public org.springframework.http.ResponseEntity<java.util.Map<java.lang.String, java.lang.Object>> org.springframework.boot.autoconfigure.web.BasicErrorController.error(javax.servlet.http.HttpServletRequest)
2017-05-08 15:47:26.683  INFO 12104 --- [main] s.w.s.m.m.a.RequestMappingHandlerMapping : Mapped "{[/error],produces=[text/html]}" onto public org.springframework.web.servlet.ModelAndView org.springframework.boot.autoconfigure.web.BasicErrorController.errorHtml(javax.servlet.http.HttpServletRequest,javax.servlet.http.HttpServletResponse)
2017-05-08 15:47:26.737  INFO 12104 --- [main] o.s.w.s.handler.SimpleUrlHandlerMapping  : Mapped URL path [/webjars/**] onto handler of type [class org.springframework.web.servlet.resource.ResourceHttpRequestHandler]
2017-05-08 15:47:26.737  INFO 12104 --- [main] o.s.w.s.handler.SimpleUrlHandlerMapping  : Mapped URL path [/**] onto handler of type [class org.springframework.web.servlet.resource.ResourceHttpRequestHandler]
2017-05-08 15:47:27.180  INFO 12104 --- [main] o.s.j.e.a.AnnotationMBeanExporter        : Registering beans for JMX exposure on startup
2017-05-08 15:47:27.285  INFO 12104 --- [main] s.b.c.e.t.TomcatEmbeddedServletContainer : Tomcat started on port(s): 5005 (http)
2017-05-08 15:47:27.291  INFO 12104 --- [main] com.cheng.test.Application               : Started Application in 6.155 seconds (JVM running for 6.675)
2017-05-08 15:59:01.026  INFO 12104 --- [http-nio-5005-exec-1] o.a.c.c.C.[.[localhost].[/qrcode]        : Initializing Spring FrameworkServlet 'dispatcherServlet'
2017-05-08 15:59:01.026  INFO 12104 --- [http-nio-5005-exec-1] o.s.web.servlet.DispatcherServlet        : FrameworkServlet 'dispatcherServlet': initialization started
2017-05-08 15:59:01.046  INFO 12104 --- [http-nio-5005-exec-1] o.s.web.servlet.DispatcherServlet        : FrameworkServlet 'dispatcherServlet': initialization completed in 19 ms
2017-05-08 16:19:17.628  INFO 11516 --- [main] com.cheng.test.Application               : Starting Application on DESKTOP-A3FVFPB with PID 11516 (H:\WorkSpace\qrcode-demo\target\classes started by admin in H:\WorkSpace\qrcode-demo)
2017-05-08 16:19:17.633  INFO 11516 --- [main] com.cheng.test.Application               : No active profile set, falling back to default profiles: default
2017-05-08 16:19:17.960  INFO 11516 --- [main] ationConfigEmbeddedWebApplicationContext : Refreshing org.springframework.boot.context.embedded.AnnotationConfigEmbeddedWebApplicationContext@58e1d9d: startup date [Mon May 08 16:19:17 CST 2017]; root of context hierarchy
2017-05-08 16:19:19.423  INFO 11516 --- [main] o.s.b.f.s.DefaultListableBeanFactory     : Overriding bean definition for bean 'thymeleafResourceResolver' with a different definition: replacing [Root bean: class [null]; scope=; abstract=false; lazyInit=false; autowireMode=3; dependencyCheck=0; autowireCandidate=true; primary=false; factoryBeanName=beansConfiguration; factoryMethodName=thymeleafResourceResolver; initMethodName=null; destroyMethodName=(inferred); defined in class path resource [com/cheng/test/config/BeansConfiguration.class]] with [Root bean: class [null]; scope=; abstract=false; lazyInit=false; autowireMode=3; dependencyCheck=0; autowireCandidate=true; primary=false; factoryBeanName=org.springframework.boot.autoconfigure.thymeleaf.ThymeleafAutoConfiguration$DefaultTemplateResolverConfiguration; factoryMethodName=thymeleafResourceResolver; initMethodName=null; destroyMethodName=(inferred); defined in class path resource [org/springframework/boot/autoconfigure/thymeleaf/ThymeleafAutoConfiguration$DefaultTemplateResolverConfiguration.class]]
2017-05-08 16:19:19.789  INFO 11516 --- [main] trationDelegate$BeanPostProcessorChecker : Bean 'org.springframework.transaction.annotation.ProxyTransactionManagementConfiguration' of type [class org.springframework.transaction.annotation.ProxyTransactionManagementConfiguration$$EnhancerBySpringCGLIB$$34783fa2] is not eligible for getting processed by all BeanPostProcessors (for example: not eligible for auto-proxying)
2017-05-08 16:19:20.611  INFO 11516 --- [main] s.b.c.e.t.TomcatEmbeddedServletContainer : Tomcat initialized with port(s): 5005 (http)
2017-05-08 16:19:20.632  INFO 11516 --- [main] o.apache.catalina.core.StandardService   : Starting service Tomcat
2017-05-08 16:19:20.633  INFO 11516 --- [main] org.apache.catalina.core.StandardEngine  : Starting Servlet Engine: Apache Tomcat/8.0.36
2017-05-08 16:19:20.770  INFO 11516 --- [localhost-startStop-1] o.a.c.c.C.[.[localhost].[/qrcode]        : Initializing Spring embedded WebApplicationContext
2017-05-08 16:19:20.770  INFO 11516 --- [localhost-startStop-1] o.s.web.context.ContextLoader            : Root WebApplicationContext: initialization completed in 2814 ms
2017-05-08 16:19:21.281  INFO 11516 --- [localhost-startStop-1] o.s.b.c.e.ServletRegistrationBean        : Mapping servlet: 'dispatcherServlet' to [/]
2017-05-08 16:19:21.287  INFO 11516 --- [localhost-startStop-1] o.s.b.c.embedded.FilterRegistrationBean  : Mapping filter: 'characterEncodingFilter' to: [/*]
2017-05-08 16:19:21.288  INFO 11516 --- [localhost-startStop-1] o.s.b.c.embedded.FilterRegistrationBean  : Mapping filter: 'hiddenHttpMethodFilter' to: [/*]
2017-05-08 16:19:21.288  INFO 11516 --- [localhost-startStop-1] o.s.b.c.embedded.FilterRegistrationBean  : Mapping filter: 'httpPutFormContentFilter' to: [/*]
2017-05-08 16:19:21.288  INFO 11516 --- [localhost-startStop-1] o.s.b.c.embedded.FilterRegistrationBean  : Mapping filter: 'requestContextFilter' to: [/*]
2017-05-08 16:19:23.048  INFO 11516 --- [main] s.w.s.m.m.a.RequestMappingHandlerAdapter : Looking for @ControllerAdvice: org.springframework.boot.context.embedded.AnnotationConfigEmbeddedWebApplicationContext@58e1d9d: startup date [Mon May 08 16:19:17 CST 2017]; root of context hierarchy
2017-05-08 16:19:23.130  INFO 11516 --- [main] s.w.s.m.m.a.RequestMappingHandlerMapping : Mapped "{[/test],methods=[GET]}" onto public java.lang.String com.cheng.test.controller.TestController.testPage(org.springframework.ui.Model)
2017-05-08 16:19:23.134  INFO 11516 --- [main] s.w.s.m.m.a.RequestMappingHandlerMapping : Mapped "{[/error]}" onto public org.springframework.http.ResponseEntity<java.util.Map<java.lang.String, java.lang.Object>> org.springframework.boot.autoconfigure.web.BasicErrorController.error(javax.servlet.http.HttpServletRequest)
2017-05-08 16:19:23.134  INFO 11516 --- [main] s.w.s.m.m.a.RequestMappingHandlerMapping : Mapped "{[/error],produces=[text/html]}" onto public org.springframework.web.servlet.ModelAndView org.springframework.boot.autoconfigure.web.BasicErrorController.errorHtml(javax.servlet.http.HttpServletRequest,javax.servlet.http.HttpServletResponse)
2017-05-08 16:19:23.173  INFO 11516 --- [main] o.s.w.s.handler.SimpleUrlHandlerMapping  : Mapped URL path [/webjars/**] onto handler of type [class org.springframework.web.servlet.resource.ResourceHttpRequestHandler]
2017-05-08 16:19:23.173  INFO 11516 --- [main] o.s.w.s.handler.SimpleUrlHandlerMapping  : Mapped URL path [/**] onto handler of type [class org.springframework.web.servlet.resource.ResourceHttpRequestHandler]
2017-05-08 16:19:23.602  INFO 11516 --- [main] o.s.j.e.a.AnnotationMBeanExporter        : Registering beans for JMX exposure on startup
2017-05-08 16:19:23.747  INFO 11516 --- [main] s.b.c.e.t.TomcatEmbeddedServletContainer : Tomcat started on port(s): 5005 (http)
2017-05-08 16:19:23.754  INFO 11516 --- [main] com.cheng.test.Application               : Started Application in 6.574 seconds (JVM running for 7.099)
2017-05-08 16:34:35.669  INFO 8580 --- [main] com.cheng.test.Application               : Starting Application on DESKTOP-A3FVFPB with PID 8580 (H:\WorkSpace\qrcode-demo\target\classes started by admin in H:\WorkSpace\qrcode-demo)
2017-05-08 16:34:35.674  INFO 8580 --- [main] com.cheng.test.Application               : No active profile set, falling back to default profiles: default
2017-05-08 16:34:36.005  INFO 8580 --- [main] ationConfigEmbeddedWebApplicationContext : Refreshing org.springframework.boot.context.embedded.AnnotationConfigEmbeddedWebApplicationContext@58e1d9d: startup date [Mon May 08 16:34:36 CST 2017]; root of context hierarchy
2017-05-08 16:34:37.228  INFO 8580 --- [main] o.s.b.f.s.DefaultListableBeanFactory     : Overriding bean definition for bean 'thymeleafResourceResolver' with a different definition: replacing [Root bean: class [null]; scope=; abstract=false; lazyInit=false; autowireMode=3; dependencyCheck=0; autowireCandidate=true; primary=false; factoryBeanName=beansConfiguration; factoryMethodName=thymeleafResourceResolver; initMethodName=null; destroyMethodName=(inferred); defined in class path resource [com/cheng/test/config/BeansConfiguration.class]] with [Root bean: class [null]; scope=; abstract=false; lazyInit=false; autowireMode=3; dependencyCheck=0; autowireCandidate=true; primary=false; factoryBeanName=org.springframework.boot.autoconfigure.thymeleaf.ThymeleafAutoConfiguration$DefaultTemplateResolverConfiguration; factoryMethodName=thymeleafResourceResolver; initMethodName=null; destroyMethodName=(inferred); defined in class path resource [org/springframework/boot/autoconfigure/thymeleaf/ThymeleafAutoConfiguration$DefaultTemplateResolverConfiguration.class]]
2017-05-08 16:34:37.540  INFO 8580 --- [main] trationDelegate$BeanPostProcessorChecker : Bean 'org.springframework.transaction.annotation.ProxyTransactionManagementConfiguration' of type [class org.springframework.transaction.annotation.ProxyTransactionManagementConfiguration$$EnhancerBySpringCGLIB$$6be12fc1] is not eligible for getting processed by all BeanPostProcessors (for example: not eligible for auto-proxying)
2017-05-08 16:34:38.323  INFO 8580 --- [main] s.b.c.e.t.TomcatEmbeddedServletContainer : Tomcat initialized with port(s): 5005 (http)
2017-05-08 16:34:38.339  INFO 8580 --- [main] o.apache.catalina.core.StandardService   : Starting service Tomcat
2017-05-08 16:34:38.341  INFO 8580 --- [main] org.apache.catalina.core.StandardEngine  : Starting Servlet Engine: Apache Tomcat/8.0.36
2017-05-08 16:34:38.473  INFO 8580 --- [localhost-startStop-1] o.a.c.c.C.[.[localhost].[/qrcode]        : Initializing Spring embedded WebApplicationContext
2017-05-08 16:34:38.474  INFO 8580 --- [localhost-startStop-1] o.s.web.context.ContextLoader            : Root WebApplicationContext: initialization completed in 2472 ms
2017-05-08 16:34:38.894  INFO 8580 --- [localhost-startStop-1] o.s.b.c.e.ServletRegistrationBean        : Mapping servlet: 'dispatcherServlet' to [/]
2017-05-08 16:34:38.900  INFO 8580 --- [localhost-startStop-1] o.s.b.c.embedded.FilterRegistrationBean  : Mapping filter: 'characterEncodingFilter' to: [/*]
2017-05-08 16:34:38.901  INFO 8580 --- [localhost-startStop-1] o.s.b.c.embedded.FilterRegistrationBean  : Mapping filter: 'hiddenHttpMethodFilter' to: [/*]
2017-05-08 16:34:38.901  INFO 8580 --- [localhost-startStop-1] o.s.b.c.embedded.FilterRegistrationBean  : Mapping filter: 'httpPutFormContentFilter' to: [/*]
2017-05-08 16:34:38.901  INFO 8580 --- [localhost-startStop-1] o.s.b.c.embedded.FilterRegistrationBean  : Mapping filter: 'requestContextFilter' to: [/*]
2017-05-08 16:34:40.480  INFO 8580 --- [main] s.w.s.m.m.a.RequestMappingHandlerAdapter : Looking for @ControllerAdvice: org.springframework.boot.context.embedded.AnnotationConfigEmbeddedWebApplicationContext@58e1d9d: startup date [Mon May 08 16:34:36 CST 2017]; root of context hierarchy
2017-05-08 16:34:40.563  INFO 8580 --- [main] s.w.s.m.m.a.RequestMappingHandlerMapping : Mapped "{[/test],methods=[GET]}" onto public java.lang.String com.cheng.test.controller.TestController.testPage(org.springframework.ui.Model)
2017-05-08 16:34:40.566  INFO 8580 --- [main] s.w.s.m.m.a.RequestMappingHandlerMapping : Mapped "{[/error]}" onto public org.springframework.http.ResponseEntity<java.util.Map<java.lang.String, java.lang.Object>> org.springframework.boot.autoconfigure.web.BasicErrorController.error(javax.servlet.http.HttpServletRequest)
2017-05-08 16:34:40.566  INFO 8580 --- [main] s.w.s.m.m.a.RequestMappingHandlerMapping : Mapped "{[/error],produces=[text/html]}" onto public org.springframework.web.servlet.ModelAndView org.springframework.boot.autoconfigure.web.BasicErrorController.errorHtml(javax.servlet.http.HttpServletRequest,javax.servlet.http.HttpServletResponse)
2017-05-08 16:34:40.606  INFO 8580 --- [main] o.s.w.s.handler.SimpleUrlHandlerMapping  : Mapped URL path [/webjars/**] onto handler of type [class org.springframework.web.servlet.resource.ResourceHttpRequestHandler]
2017-05-08 16:34:40.607  INFO 8580 --- [main] o.s.w.s.handler.SimpleUrlHandlerMapping  : Mapped URL path [/**] onto handler of type [class org.springframework.web.servlet.resource.ResourceHttpRequestHandler]
2017-05-08 16:34:41.039  INFO 8580 --- [main] o.s.j.e.a.AnnotationMBeanExporter        : Registering beans for JMX exposure on startup
2017-05-08 16:34:41.123  INFO 8580 --- [main] s.b.c.e.t.TomcatEmbeddedServletContainer : Tomcat started on port(s): 5005 (http)
2017-05-08 16:34:41.128  INFO 8580 --- [main] com.cheng.test.Application               : Started Application in 5.904 seconds (JVM running for 6.451)
2017-05-08 16:34:49.102  INFO 8580 --- [http-nio-5005-exec-1] o.a.c.c.C.[.[localhost].[/qrcode]        : Initializing Spring FrameworkServlet 'dispatcherServlet'
2017-05-08 16:34:49.102  INFO 8580 --- [http-nio-5005-exec-1] o.s.web.servlet.DispatcherServlet        : FrameworkServlet 'dispatcherServlet': initialization started
2017-05-08 16:34:49.122  INFO 8580 --- [http-nio-5005-exec-1] o.s.web.servlet.DispatcherServlet        : FrameworkServlet 'dispatcherServlet': initialization completed in 19 ms
